The system is: Linux - 4.19.128-microsoft-standard - x86_64
Compiling the C compiler identification source file "CMakeCCompilerId.c" succeeded.
Compiler: /usr/bin/cc 
Build flags: 
Id flags:  

The output was:
0


Compilation of the C compiler identification source "CMakeCCompilerId.c" produced "a.out"

The C compiler identification is GNU, found in "/home/swarm/mipt_atp_tech_all/tech3/MIPT_ATP/build/CMakeFiles/3.16.3/CompilerIdC/a.out"

Compiling the CXX compiler identification source file "CMakeCXXCompilerId.cpp" succeeded.
Compiler: /home/swarm/mipt_atp_tech_all/tech3/MIPT_ATP/tools/toolchain/bin//aarch64-linux-gnu-c++ 
Build flags: 
Id flags:  

The output was:
0


Compilation of the CXX compiler identification source "CMakeCXXCompilerId.cpp" produced "a.out"

The CXX compiler identification is GNU, found in "/home/swarm/mipt_atp_tech_all/tech3/MIPT_ATP/build/CMakeFiles/3.16.3/CompilerIdCXX/a.out"

Determining if the C compiler works passed with the following output:
Change Dir: /home/swarm/mipt_atp_tech_all/tech3/MIPT_ATP/build/CMakeFiles/CMakeTmp

Run Build Command(s):/usr/bin/make cmTC_f0ac1/fast && /usr/bin/make -f CMakeFiles/cmTC_f0ac1.dir/build.make CMakeFiles/cmTC_f0ac1.dir/build
make[1]: Entering directory '/home/swarm/mipt_atp_tech_all/tech3/MIPT_ATP/build/CMakeFiles/CMakeTmp'
Building C object CMakeFiles/cmTC_f0ac1.dir/testCCompiler.c.o
/usr/bin/cc    -o CMakeFiles/cmTC_f0ac1.dir/testCCompiler.c.o   -c /home/swarm/mipt_atp_tech_all/tech3/MIPT_ATP/build/CMakeFiles/CMakeTmp/testCCompiler.c
Linking C static library libcmTC_f0ac1.a
/usr/bin/cmake -P CMakeFiles/cmTC_f0ac1.dir/cmake_clean_target.cmake
/usr/bin/cmake -E cmake_link_script CMakeFiles/cmTC_f0ac1.dir/link.txt --verbose=1
/usr/bin/ar qc libcmTC_f0ac1.a  CMakeFiles/cmTC_f0ac1.dir/testCCompiler.c.o
/usr/bin/ranlib libcmTC_f0ac1.a
make[1]: Leaving directory '/home/swarm/mipt_atp_tech_all/tech3/MIPT_ATP/build/CMakeFiles/CMakeTmp'



Detecting C compiler ABI info compiled with the following output:
Change Dir: /home/swarm/mipt_atp_tech_all/tech3/MIPT_ATP/build/CMakeFiles/CMakeTmp

Run Build Command(s):/usr/bin/make cmTC_797a6/fast && /usr/bin/make -f CMakeFiles/cmTC_797a6.dir/build.make CMakeFiles/cmTC_797a6.dir/build
make[1]: Entering directory '/home/swarm/mipt_atp_tech_all/tech3/MIPT_ATP/build/CMakeFiles/CMakeTmp'
Building C object CMakeFiles/cmTC_797a6.dir/CMakeCCompilerABI.c.o
/usr/bin/cc   -v -o CMakeFiles/cmTC_797a6.dir/CMakeCCompilerABI.c.o   -c /usr/share/cmake-3.16/Modules/CMakeCCompilerABI.c
Using built-in specs.
COLLECT_GCC=/usr/bin/cc
OFFLOAD_TARGET_NAMES=nvptx-none:hsa
OFFLOAD_TARGET_DEFAULT=1
Target: x86_64-linux-gnu
Configured with: ../src/configure -v --with-pkgversion='Ubuntu 9.3.0-17ubuntu1~20.04' --with-bugurl=file:///usr/share/doc/gcc-9/README.Bugs --enable-languages=c,ada,c++,go,brig,d,fortran,objc,obj-c++,gm2 --prefix=/usr --with-gcc-major-version-only --program-suffix=-9 --program-prefix=x86_64-linux-gnu- --enable-shared --enable-linker-build-id --libexecdir=/usr/lib --without-included-gettext --enable-threads=posix --libdir=/usr/lib --enable-nls --enable-clocale=gnu --enable-libstdcxx-debug --enable-libstdcxx-time=yes --with-default-libstdcxx-abi=new --enable-gnu-unique-object --disable-vtable-verify --enable-plugin --enable-default-pie --with-system-zlib --with-target-system-zlib=auto --enable-objc-gc=auto --enable-multiarch --disable-werror --with-arch-32=i686 --with-abi=m64 --with-multilib-list=m32,m64,mx32 --enable-multilib --with-tune=generic --enable-offload-targets=nvptx-none=/build/gcc-9-HskZEa/gcc-9-9.3.0/debian/tmp-nvptx/usr,hsa --without-cuda-driver --enable-checking=release --build=x86_64-linux-gnu --host=x86_64-linux-gnu --target=x86_64-linux-gnu
Thread model: posix
gcc version 9.3.0 (Ubuntu 9.3.0-17ubuntu1~20.04) 
COLLECT_GCC_OPTIONS='-v' '-o' 'CMakeFiles/cmTC_797a6.dir/CMakeCCompilerABI.c.o' '-c' '-mtune=generic' '-march=x86-64'
 /usr/lib/gcc/x86_64-linux-gnu/9/cc1 -quiet -v -imultiarch x86_64-linux-gnu /usr/share/cmake-3.16/Modules/CMakeCCompilerABI.c -quiet -dumpbase CMakeCCompilerABI.c -mtune=generic -march=x86-64 -auxbase-strip CMakeFiles/cmTC_797a6.dir/CMakeCCompilerABI.c.o -version -fasynchronous-unwind-tables -fstack-protector-strong -Wformat -Wformat-security -fstack-clash-protection -fcf-protection -o /tmp/cciymKDT.s
GNU C17 (Ubuntu 9.3.0-17ubuntu1~20.04) version 9.3.0 (x86_64-linux-gnu)
	compiled by GNU C version 9.3.0, GMP version 6.2.0, MPFR version 4.0.2, MPC version 1.1.0, isl version isl-0.22.1-GMP

GGC heuristics: --param ggc-min-expand=100 --param ggc-min-heapsize=131072
ignoring nonexistent directory "/usr/local/include/x86_64-linux-gnu"
ignoring nonexistent directory "/usr/lib/gcc/x86_64-linux-gnu/9/include-fixed"
ignoring nonexistent directory "/usr/lib/gcc/x86_64-linux-gnu/9/../../../../x86_64-linux-gnu/include"
#include "..." search starts here:
#include <...> search starts here:
 /usr/lib/gcc/x86_64-linux-gnu/9/include
 /usr/local/include
 /usr/include/x86_64-linux-gnu
 /usr/include
End of search list.
GNU C17 (Ubuntu 9.3.0-17ubuntu1~20.04) version 9.3.0 (x86_64-linux-gnu)
	compiled by GNU C version 9.3.0, GMP version 6.2.0, MPFR version 4.0.2, MPC version 1.1.0, isl version isl-0.22.1-GMP

GGC heuristics: --param ggc-min-expand=100 --param ggc-min-heapsize=131072
Compiler executable checksum: bbf13931d8de1abe14040c9909cb6969
COLLECT_GCC_OPTIONS='-v' '-o' 'CMakeFiles/cmTC_797a6.dir/CMakeCCompilerABI.c.o' '-c' '-mtune=generic' '-march=x86-64'
 as -v --64 -o CMakeFiles/cmTC_797a6.dir/CMakeCCompilerABI.c.o /tmp/cciymKDT.s
GNU assembler version 2.34 (x86_64-linux-gnu) using BFD version (GNU Binutils for Ubuntu) 2.34
COMPILER_PATH=/usr/lib/gcc/x86_64-linux-gnu/9/:/usr/lib/gcc/x86_64-linux-gnu/9/:/usr/lib/gcc/x86_64-linux-gnu/:/usr/lib/gcc/x86_64-linux-gnu/9/:/usr/lib/gcc/x86_64-linux-gnu/
LIBRARY_PATH=/usr/lib/gcc/x86_64-linux-gnu/9/:/usr/lib/gcc/x86_64-linux-gnu/9/../../../x86_64-linux-gnu/:/usr/lib/gcc/x86_64-linux-gnu/9/../../../../lib/:/lib/x86_64-linux-gnu/:/lib/../lib/:/usr/lib/x86_64-linux-gnu/:/usr/lib/../lib/:/usr/lib/gcc/x86_64-linux-gnu/9/../../../:/lib/:/usr/lib/
COLLECT_GCC_OPTIONS='-v' '-o' 'CMakeFiles/cmTC_797a6.dir/CMakeCCompilerABI.c.o' '-c' '-mtune=generic' '-march=x86-64'
Linking C static library libcmTC_797a6.a
/usr/bin/cmake -P CMakeFiles/cmTC_797a6.dir/cmake_clean_target.cmake
/usr/bin/cmake -E cmake_link_script CMakeFiles/cmTC_797a6.dir/link.txt --verbose=1
/usr/bin/ar qc libcmTC_797a6.a  CMakeFiles/cmTC_797a6.dir/CMakeCCompilerABI.c.o
/usr/bin/ranlib libcmTC_797a6.a
make[1]: Leaving directory '/home/swarm/mipt_atp_tech_all/tech3/MIPT_ATP/build/CMakeFiles/CMakeTmp'



Parsed C implicit include dir info from above output: rv=done
  found start of include info
  found start of implicit include info
    add: [/usr/lib/gcc/x86_64-linux-gnu/9/include]
    add: [/usr/local/include]
    add: [/usr/include/x86_64-linux-gnu]
    add: [/usr/include]
  end of search list found
  collapse include dir [/usr/lib/gcc/x86_64-linux-gnu/9/include] ==> [/usr/lib/gcc/x86_64-linux-gnu/9/include]
  collapse include dir [/usr/local/include] ==> [/usr/local/include]
  collapse include dir [/usr/include/x86_64-linux-gnu] ==> [/usr/include/x86_64-linux-gnu]
  collapse include dir [/usr/include] ==> [/usr/include]
  implicit include dirs: [/usr/lib/gcc/x86_64-linux-gnu/9/include;/usr/local/include;/usr/include/x86_64-linux-gnu;/usr/include]


Parsed C implicit link information from above output:
  link line regex: [^( *|.*[/\])(ld|CMAKE_LINK_STARTFILE-NOTFOUND|([^/\]+-)?ld|collect2)[^/\]*( |$)]
  ignore line: [Change Dir: /home/swarm/mipt_atp_tech_all/tech3/MIPT_ATP/build/CMakeFiles/CMakeTmp]
  ignore line: []
  ignore line: [Run Build Command(s):/usr/bin/make cmTC_797a6/fast && /usr/bin/make -f CMakeFiles/cmTC_797a6.dir/build.make CMakeFiles/cmTC_797a6.dir/build]
  ignore line: [make[1]: Entering directory '/home/swarm/mipt_atp_tech_all/tech3/MIPT_ATP/build/CMakeFiles/CMakeTmp']
  ignore line: [Building C object CMakeFiles/cmTC_797a6.dir/CMakeCCompilerABI.c.o]
  ignore line: [/usr/bin/cc   -v -o CMakeFiles/cmTC_797a6.dir/CMakeCCompilerABI.c.o   -c /usr/share/cmake-3.16/Modules/CMakeCCompilerABI.c]
  ignore line: [Using built-in specs.]
  ignore line: [COLLECT_GCC=/usr/bin/cc]
  ignore line: [OFFLOAD_TARGET_NAMES=nvptx-none:hsa]
  ignore line: [OFFLOAD_TARGET_DEFAULT=1]
  ignore line: [Target: x86_64-linux-gnu]
  ignore line: [Configured with: ../src/configure -v --with-pkgversion='Ubuntu 9.3.0-17ubuntu1~20.04' --with-bugurl=file:///usr/share/doc/gcc-9/README.Bugs --enable-languages=c ada c++ go brig d fortran objc obj-c++ gm2 --prefix=/usr --with-gcc-major-version-only --program-suffix=-9 --program-prefix=x86_64-linux-gnu- --enable-shared --enable-linker-build-id --libexecdir=/usr/lib --without-included-gettext --enable-threads=posix --libdir=/usr/lib --enable-nls --enable-clocale=gnu --enable-libstdcxx-debug --enable-libstdcxx-time=yes --with-default-libstdcxx-abi=new --enable-gnu-unique-object --disable-vtable-verify --enable-plugin --enable-default-pie --with-system-zlib --with-target-system-zlib=auto --enable-objc-gc=auto --enable-multiarch --disable-werror --with-arch-32=i686 --with-abi=m64 --with-multilib-list=m32 m64 mx32 --enable-multilib --with-tune=generic --enable-offload-targets=nvptx-none=/build/gcc-9-HskZEa/gcc-9-9.3.0/debian/tmp-nvptx/usr hsa --without-cuda-driver --enable-checking=release --build=x86_64-linux-gnu --host=x86_64-linux-gnu --target=x86_64-linux-gnu]
  ignore line: [Thread model: posix]
  ignore line: [gcc version 9.3.0 (Ubuntu 9.3.0-17ubuntu1~20.04) ]
  ignore line: [COLLECT_GCC_OPTIONS='-v' '-o' 'CMakeFiles/cmTC_797a6.dir/CMakeCCompilerABI.c.o' '-c' '-mtune=generic' '-march=x86-64']
  ignore line: [ /usr/lib/gcc/x86_64-linux-gnu/9/cc1 -quiet -v -imultiarch x86_64-linux-gnu /usr/share/cmake-3.16/Modules/CMakeCCompilerABI.c -quiet -dumpbase CMakeCCompilerABI.c -mtune=generic -march=x86-64 -auxbase-strip CMakeFiles/cmTC_797a6.dir/CMakeCCompilerABI.c.o -version -fasynchronous-unwind-tables -fstack-protector-strong -Wformat -Wformat-security -fstack-clash-protection -fcf-protection -o /tmp/cciymKDT.s]
  ignore line: [GNU C17 (Ubuntu 9.3.0-17ubuntu1~20.04) version 9.3.0 (x86_64-linux-gnu)]
  ignore line: [	compiled by GNU C version 9.3.0  GMP version 6.2.0  MPFR version 4.0.2  MPC version 1.1.0  isl version isl-0.22.1-GMP]
  ignore line: []
  ignore line: [GGC heuristics: --param ggc-min-expand=100 --param ggc-min-heapsize=131072]
  ignore line: [ignoring nonexistent directory "/usr/local/include/x86_64-linux-gnu"]
  ignore line: [ignoring nonexistent directory "/usr/lib/gcc/x86_64-linux-gnu/9/include-fixed"]
  ignore line: [ignoring nonexistent directory "/usr/lib/gcc/x86_64-linux-gnu/9/../../../../x86_64-linux-gnu/include"]
  ignore line: [#include "..." search starts here:]
  ignore line: [#include <...> search starts here:]
  ignore line: [ /usr/lib/gcc/x86_64-linux-gnu/9/include]
  ignore line: [ /usr/local/include]
  ignore line: [ /usr/include/x86_64-linux-gnu]
  ignore line: [ /usr/include]
  ignore line: [End of search list.]
  ignore line: [GNU C17 (Ubuntu 9.3.0-17ubuntu1~20.04) version 9.3.0 (x86_64-linux-gnu)]
  ignore line: [	compiled by GNU C version 9.3.0  GMP version 6.2.0  MPFR version 4.0.2  MPC version 1.1.0  isl version isl-0.22.1-GMP]
  ignore line: []
  ignore line: [GGC heuristics: --param ggc-min-expand=100 --param ggc-min-heapsize=131072]
  ignore line: [Compiler executable checksum: bbf13931d8de1abe14040c9909cb6969]
  ignore line: [COLLECT_GCC_OPTIONS='-v' '-o' 'CMakeFiles/cmTC_797a6.dir/CMakeCCompilerABI.c.o' '-c' '-mtune=generic' '-march=x86-64']
  ignore line: [ as -v --64 -o CMakeFiles/cmTC_797a6.dir/CMakeCCompilerABI.c.o /tmp/cciymKDT.s]
  ignore line: [GNU assembler version 2.34 (x86_64-linux-gnu) using BFD version (GNU Binutils for Ubuntu) 2.34]
  ignore line: [COMPILER_PATH=/usr/lib/gcc/x86_64-linux-gnu/9/:/usr/lib/gcc/x86_64-linux-gnu/9/:/usr/lib/gcc/x86_64-linux-gnu/:/usr/lib/gcc/x86_64-linux-gnu/9/:/usr/lib/gcc/x86_64-linux-gnu/]
  ignore line: [LIBRARY_PATH=/usr/lib/gcc/x86_64-linux-gnu/9/:/usr/lib/gcc/x86_64-linux-gnu/9/../../../x86_64-linux-gnu/:/usr/lib/gcc/x86_64-linux-gnu/9/../../../../lib/:/lib/x86_64-linux-gnu/:/lib/../lib/:/usr/lib/x86_64-linux-gnu/:/usr/lib/../lib/:/usr/lib/gcc/x86_64-linux-gnu/9/../../../:/lib/:/usr/lib/]
  ignore line: [COLLECT_GCC_OPTIONS='-v' '-o' 'CMakeFiles/cmTC_797a6.dir/CMakeCCompilerABI.c.o' '-c' '-mtune=generic' '-march=x86-64']
  ignore line: [Linking C static library libcmTC_797a6.a]
  ignore line: [/usr/bin/cmake -P CMakeFiles/cmTC_797a6.dir/cmake_clean_target.cmake]
  ignore line: [/usr/bin/cmake -E cmake_link_script CMakeFiles/cmTC_797a6.dir/link.txt --verbose=1]
  ignore line: [/usr/bin/ar qc libcmTC_797a6.a  CMakeFiles/cmTC_797a6.dir/CMakeCCompilerABI.c.o]
  ignore line: [/usr/bin/ranlib libcmTC_797a6.a]
  ignore line: [make[1]: Leaving directory '/home/swarm/mipt_atp_tech_all/tech3/MIPT_ATP/build/CMakeFiles/CMakeTmp']
  ignore line: []
  ignore line: []
  implicit libs: []
  implicit dirs: []
  implicit fwks: []


Determining if the CXX compiler works passed with the following output:
Change Dir: /home/swarm/mipt_atp_tech_all/tech3/MIPT_ATP/build/CMakeFiles/CMakeTmp

Run Build Command(s):/usr/bin/make cmTC_2fb00/fast && /usr/bin/make -f CMakeFiles/cmTC_2fb00.dir/build.make CMakeFiles/cmTC_2fb00.dir/build
make[1]: Entering directory '/home/swarm/mipt_atp_tech_all/tech3/MIPT_ATP/build/CMakeFiles/CMakeTmp'
Building CXX object CMakeFiles/cmTC_2fb00.dir/testCXXCompiler.cxx.o
/home/swarm/mipt_atp_tech_all/tech3/MIPT_ATP/tools/toolchain/bin//aarch64-linux-gnu-c++     -o CMakeFiles/cmTC_2fb00.dir/testCXXCompiler.cxx.o -c /home/swarm/mipt_atp_tech_all/tech3/MIPT_ATP/build/CMakeFiles/CMakeTmp/testCXXCompiler.cxx
Linking CXX static library libcmTC_2fb00.a
/usr/bin/cmake -P CMakeFiles/cmTC_2fb00.dir/cmake_clean_target.cmake
/usr/bin/cmake -E cmake_link_script CMakeFiles/cmTC_2fb00.dir/link.txt --verbose=1
/usr/bin/ar qc libcmTC_2fb00.a  CMakeFiles/cmTC_2fb00.dir/testCXXCompiler.cxx.o
/usr/bin/ranlib libcmTC_2fb00.a
make[1]: Leaving directory '/home/swarm/mipt_atp_tech_all/tech3/MIPT_ATP/build/CMakeFiles/CMakeTmp'



Detecting CXX compiler ABI info compiled with the following output:
Change Dir: /home/swarm/mipt_atp_tech_all/tech3/MIPT_ATP/build/CMakeFiles/CMakeTmp

Run Build Command(s):/usr/bin/make cmTC_293f8/fast && /usr/bin/make -f CMakeFiles/cmTC_293f8.dir/build.make CMakeFiles/cmTC_293f8.dir/build
make[1]: Entering directory '/home/swarm/mipt_atp_tech_all/tech3/MIPT_ATP/build/CMakeFiles/CMakeTmp'
Building CXX object CMakeFiles/cmTC_293f8.dir/CMakeCXXCompilerABI.cpp.o
/home/swarm/mipt_atp_tech_all/tech3/MIPT_ATP/tools/toolchain/bin//aarch64-linux-gnu-c++    -v -o CMakeFiles/cmTC_293f8.dir/CMakeCXXCompilerABI.cpp.o -c /usr/share/cmake-3.16/Modules/CMakeCXXCompilerABI.cpp
Using built-in specs.
COLLECT_GCC=/home/swarm/mipt_atp_tech_all/tech3/MIPT_ATP/tools/toolchain/bin//aarch64-linux-gnu-c++
Target: aarch64-linux-gnu
Configured with: '/home/tcwg-buildslave/workspace/tcwg-make-release_0/snapshots/gcc.git~linaro-7.5-2019.12/configure' SHELL=/bin/bash --with-mpc=/home/tcwg-buildslave/workspace/tcwg-make-release_0/_build/builds/destdir/x86_64-unknown-linux-gnu --with-mpfr=/home/tcwg-buildslave/workspace/tcwg-make-release_0/_build/builds/destdir/x86_64-unknown-linux-gnu --with-gmp=/home/tcwg-buildslave/workspace/tcwg-make-release_0/_build/builds/destdir/x86_64-unknown-linux-gnu --with-gnu-as --with-gnu-ld --disable-libmudflap --enable-lto --enable-shared --without-included-gettext --enable-nls --with-system-zlib --disable-sjlj-exceptions --enable-gnu-unique-object --enable-linker-build-id --disable-libstdcxx-pch --enable-c99 --enable-clocale=gnu --enable-libstdcxx-debug --enable-long-long --with-cloog=no --with-ppl=no --with-isl=no --disable-multilib --enable-fix-cortex-a53-835769 --enable-fix-cortex-a53-843419 --with-arch=armv8-a --enable-threads=posix --enable-multiarch --enable-libstdcxx-time=yes --enable-gnu-indirect-function --with-build-sysroot=/home/tcwg-buildslave/workspace/tcwg-make-release_0/_build/sysroots/aarch64-linux-gnu --with-sysroot=/home/tcwg-buildslave/workspace/tcwg-make-release_0/_build/builds/destdir/x86_64-unknown-linux-gnu/aarch64-linux-gnu/libc --enable-checking=release --disable-bootstrap --enable-languages=c,c++,fortran,lto --build=x86_64-unknown-linux-gnu --host=x86_64-unknown-linux-gnu --target=aarch64-linux-gnu --prefix=/home/tcwg-buildslave/workspace/tcwg-make-release_0/_build/builds/destdir/x86_64-unknown-linux-gnu
Thread model: posix
gcc version 7.5.0 (Linaro GCC 7.5-2019.12) 
COLLECT_GCC_OPTIONS='-v' '-o' 'CMakeFiles/cmTC_293f8.dir/CMakeCXXCompilerABI.cpp.o' '-c' '-shared-libgcc' '-march=armv8-a' '-mlittle-endian' '-mabi=lp64'
 /home/swarm/mipt_atp_tech_all/tech3/MIPT_ATP/tools/toolchain/bin/../libexec/gcc/aarch64-linux-gnu/7.5.0/cc1plus -quiet -v -imultiarch aarch64-linux-gnu -iprefix /home/swarm/mipt_atp_tech_all/tech3/MIPT_ATP/tools/toolchain/bin/../lib/gcc/aarch64-linux-gnu/7.5.0/ -isysroot /home/swarm/mipt_atp_tech_all/tech3/MIPT_ATP/tools/toolchain/bin/../aarch64-linux-gnu/libc -D_GNU_SOURCE /usr/share/cmake-3.16/Modules/CMakeCXXCompilerABI.cpp -quiet -dumpbase CMakeCXXCompilerABI.cpp -march=armv8-a -mlittle-endian -mabi=lp64 -auxbase-strip CMakeFiles/cmTC_293f8.dir/CMakeCXXCompilerABI.cpp.o -version -o /tmp/ccygIcrP.s
GNU C++14 (Linaro GCC 7.5-2019.12) version 7.5.0 (aarch64-linux-gnu)
	compiled by GNU C version 4.8.4, GMP version 6.1.2, MPFR version 3.1.5, MPC version 1.0.3, isl version none
GGC heuristics: --param ggc-min-expand=100 --param ggc-min-heapsize=131072
ignoring duplicate directory "/home/swarm/mipt_atp_tech_all/tech3/MIPT_ATP/tools/toolchain/bin/../lib/gcc/../../lib/gcc/aarch64-linux-gnu/7.5.0/../../../../aarch64-linux-gnu/include/c++/7.5.0"
ignoring duplicate directory "/home/swarm/mipt_atp_tech_all/tech3/MIPT_ATP/tools/toolchain/bin/../lib/gcc/../../lib/gcc/aarch64-linux-gnu/7.5.0/../../../../aarch64-linux-gnu/include/c++/7.5.0/aarch64-linux-gnu"
ignoring duplicate directory "/home/swarm/mipt_atp_tech_all/tech3/MIPT_ATP/tools/toolchain/bin/../lib/gcc/../../lib/gcc/aarch64-linux-gnu/7.5.0/../../../../aarch64-linux-gnu/include/c++/7.5.0/backward"
ignoring duplicate directory "/home/swarm/mipt_atp_tech_all/tech3/MIPT_ATP/tools/toolchain/bin/../lib/gcc/../../lib/gcc/aarch64-linux-gnu/7.5.0/include"
ignoring nonexistent directory "/home/swarm/mipt_atp_tech_all/tech3/MIPT_ATP/tools/toolchain/bin/../aarch64-linux-gnu/libc/usr/local/include/aarch64-linux-gnu"
ignoring nonexistent directory "/home/swarm/mipt_atp_tech_all/tech3/MIPT_ATP/tools/toolchain/bin/../aarch64-linux-gnu/libc/usr/local/include"
ignoring duplicate directory "/home/swarm/mipt_atp_tech_all/tech3/MIPT_ATP/tools/toolchain/bin/../lib/gcc/../../lib/gcc/aarch64-linux-gnu/7.5.0/include-fixed"
ignoring duplicate directory "/home/swarm/mipt_atp_tech_all/tech3/MIPT_ATP/tools/toolchain/bin/../lib/gcc/../../lib/gcc/aarch64-linux-gnu/7.5.0/../../../../aarch64-linux-gnu/include"
ignoring nonexistent directory "/home/swarm/mipt_atp_tech_all/tech3/MIPT_ATP/tools/toolchain/bin/../aarch64-linux-gnu/libc/usr/include/aarch64-linux-gnu"
#include "..." search starts here:
#include <...> search starts here:
 /home/swarm/mipt_atp_tech_all/tech3/MIPT_ATP/tools/toolchain/bin/../lib/gcc/aarch64-linux-gnu/7.5.0/../../../../aarch64-linux-gnu/include/c++/7.5.0
 /home/swarm/mipt_atp_tech_all/tech3/MIPT_ATP/tools/toolchain/bin/../lib/gcc/aarch64-linux-gnu/7.5.0/../../../../aarch64-linux-gnu/include/c++/7.5.0/aarch64-linux-gnu
 /home/swarm/mipt_atp_tech_all/tech3/MIPT_ATP/tools/toolchain/bin/../lib/gcc/aarch64-linux-gnu/7.5.0/../../../../aarch64-linux-gnu/include/c++/7.5.0/backward
 /home/swarm/mipt_atp_tech_all/tech3/MIPT_ATP/tools/toolchain/bin/../lib/gcc/aarch64-linux-gnu/7.5.0/include
 /home/swarm/mipt_atp_tech_all/tech3/MIPT_ATP/tools/toolchain/bin/../lib/gcc/aarch64-linux-gnu/7.5.0/include-fixed
 /home/swarm/mipt_atp_tech_all/tech3/MIPT_ATP/tools/toolchain/bin/../lib/gcc/aarch64-linux-gnu/7.5.0/../../../../aarch64-linux-gnu/include
 /home/swarm/mipt_atp_tech_all/tech3/MIPT_ATP/tools/toolchain/bin/../aarch64-linux-gnu/libc/usr/include
End of search list.
GNU C++14 (Linaro GCC 7.5-2019.12) version 7.5.0 (aarch64-linux-gnu)
	compiled by GNU C version 4.8.4, GMP version 6.1.2, MPFR version 3.1.5, MPC version 1.0.3, isl version none
GGC heuristics: --param ggc-min-expand=100 --param ggc-min-heapsize=131072
Compiler executable checksum: 966bcc360f46d7d0bf38230662fdbbf8
COLLECT_GCC_OPTIONS='-v' '-o' 'CMakeFiles/cmTC_293f8.dir/CMakeCXXCompilerABI.cpp.o' '-c' '-shared-libgcc' '-march=armv8-a' '-mlittle-endian' '-mabi=lp64'
 /home/swarm/mipt_atp_tech_all/tech3/MIPT_ATP/tools/toolchain/bin/../lib/gcc/aarch64-linux-gnu/7.5.0/../../../../aarch64-linux-gnu/bin/as -v -EL -march=armv8-a -mabi=lp64 -o CMakeFiles/cmTC_293f8.dir/CMakeCXXCompilerABI.cpp.o /tmp/ccygIcrP.s
GNU assembler version 2.28.2 (aarch64-linux-gnu) using BFD version (Linaro_Binutils-2019.12) 2.28.2.20170706
COMPILER_PATH=/home/swarm/mipt_atp_tech_all/tech3/MIPT_ATP/tools/toolchain/bin/../libexec/gcc/aarch64-linux-gnu/7.5.0/:/home/swarm/mipt_atp_tech_all/tech3/MIPT_ATP/tools/toolchain/bin/../libexec/gcc/aarch64-linux-gnu/:/home/swarm/mipt_atp_tech_all/tech3/MIPT_ATP/tools/toolchain/bin/../libexec/gcc/:/home/swarm/mipt_atp_tech_all/tech3/MIPT_ATP/tools/toolchain/bin/../lib/gcc/aarch64-linux-gnu/7.5.0/../../../../aarch64-linux-gnu/bin/
LIBRARY_PATH=/home/swarm/mipt_atp_tech_all/tech3/MIPT_ATP/tools/toolchain/bin/../lib/gcc/aarch64-linux-gnu/7.5.0/:/home/swarm/mipt_atp_tech_all/tech3/MIPT_ATP/tools/toolchain/bin/../lib/gcc/aarch64-linux-gnu/:/home/swarm/mipt_atp_tech_all/tech3/MIPT_ATP/tools/toolchain/bin/../lib/gcc/:/home/swarm/mipt_atp_tech_all/tech3/MIPT_ATP/tools/toolchain/bin/../lib/gcc/aarch64-linux-gnu/7.5.0/../../../../aarch64-linux-gnu/lib/../lib64/:/home/swarm/mipt_atp_tech_all/tech3/MIPT_ATP/tools/toolchain/bin/../lib/gcc/aarch64-linux-gnu/7.5.0/../../../../aarch64-linux-gnu/lib/:/home/swarm/mipt_atp_tech_all/tech3/MIPT_ATP/tools/toolchain/bin/../aarch64-linux-gnu/libc/lib/:/home/swarm/mipt_atp_tech_all/tech3/MIPT_ATP/tools/toolchain/bin/../aarch64-linux-gnu/libc/usr/lib/
COLLECT_GCC_OPTIONS='-v' '-o' 'CMakeFiles/cmTC_293f8.dir/CMakeCXXCompilerABI.cpp.o' '-c' '-shared-libgcc' '-march=armv8-a' '-mlittle-endian' '-mabi=lp64'
Linking CXX static library libcmTC_293f8.a
/usr/bin/cmake -P CMakeFiles/cmTC_293f8.dir/cmake_clean_target.cmake
/usr/bin/cmake -E cmake_link_script CMakeFiles/cmTC_293f8.dir/link.txt --verbose=1
/usr/bin/ar qc libcmTC_293f8.a  CMakeFiles/cmTC_293f8.dir/CMakeCXXCompilerABI.cpp.o
/usr/bin/ranlib libcmTC_293f8.a
make[1]: Leaving directory '/home/swarm/mipt_atp_tech_all/tech3/MIPT_ATP/build/CMakeFiles/CMakeTmp'



Parsed CXX implicit include dir info from above output: rv=done
  found start of include info
  found start of implicit include info
    add: [/home/swarm/mipt_atp_tech_all/tech3/MIPT_ATP/tools/toolchain/bin/../lib/gcc/aarch64-linux-gnu/7.5.0/../../../../aarch64-linux-gnu/include/c++/7.5.0]
    add: [/home/swarm/mipt_atp_tech_all/tech3/MIPT_ATP/tools/toolchain/bin/../lib/gcc/aarch64-linux-gnu/7.5.0/../../../../aarch64-linux-gnu/include/c++/7.5.0/aarch64-linux-gnu]
    add: [/home/swarm/mipt_atp_tech_all/tech3/MIPT_ATP/tools/toolchain/bin/../lib/gcc/aarch64-linux-gnu/7.5.0/../../../../aarch64-linux-gnu/include/c++/7.5.0/backward]
    add: [/home/swarm/mipt_atp_tech_all/tech3/MIPT_ATP/tools/toolchain/bin/../lib/gcc/aarch64-linux-gnu/7.5.0/include]
    add: [/home/swarm/mipt_atp_tech_all/tech3/MIPT_ATP/tools/toolchain/bin/../lib/gcc/aarch64-linux-gnu/7.5.0/include-fixed]
    add: [/home/swarm/mipt_atp_tech_all/tech3/MIPT_ATP/tools/toolchain/bin/../lib/gcc/aarch64-linux-gnu/7.5.0/../../../../aarch64-linux-gnu/include]
    add: [/home/swarm/mipt_atp_tech_all/tech3/MIPT_ATP/tools/toolchain/bin/../aarch64-linux-gnu/libc/usr/include]
  end of search list found
  collapse include dir [/home/swarm/mipt_atp_tech_all/tech3/MIPT_ATP/tools/toolchain/bin/../lib/gcc/aarch64-linux-gnu/7.5.0/../../../../aarch64-linux-gnu/include/c++/7.5.0] ==> [/home/swarm/mipt_atp_tech_all/tech3/MIPT_ATP/tools/toolchain/aarch64-linux-gnu/include/c++/7.5.0]
  collapse include dir [/home/swarm/mipt_atp_tech_all/tech3/MIPT_ATP/tools/toolchain/bin/../lib/gcc/aarch64-linux-gnu/7.5.0/../../../../aarch64-linux-gnu/include/c++/7.5.0/aarch64-linux-gnu] ==> [/home/swarm/mipt_atp_tech_all/tech3/MIPT_ATP/tools/toolchain/aarch64-linux-gnu/include/c++/7.5.0/aarch64-linux-gnu]
  collapse include dir [/home/swarm/mipt_atp_tech_all/tech3/MIPT_ATP/tools/toolchain/bin/../lib/gcc/aarch64-linux-gnu/7.5.0/../../../../aarch64-linux-gnu/include/c++/7.5.0/backward] ==> [/home/swarm/mipt_atp_tech_all/tech3/MIPT_ATP/tools/toolchain/aarch64-linux-gnu/include/c++/7.5.0/backward]
  collapse include dir [/home/swarm/mipt_atp_tech_all/tech3/MIPT_ATP/tools/toolchain/bin/../lib/gcc/aarch64-linux-gnu/7.5.0/include] ==> [/home/swarm/mipt_atp_tech_all/tech3/MIPT_ATP/tools/toolchain/lib/gcc/aarch64-linux-gnu/7.5.0/include]
  collapse include dir [/home/swarm/mipt_atp_tech_all/tech3/MIPT_ATP/tools/toolchain/bin/../lib/gcc/aarch64-linux-gnu/7.5.0/include-fixed] ==> [/home/swarm/mipt_atp_tech_all/tech3/MIPT_ATP/tools/toolchain/lib/gcc/aarch64-linux-gnu/7.5.0/include-fixed]
  collapse include dir [/home/swarm/mipt_atp_tech_all/tech3/MIPT_ATP/tools/toolchain/bin/../lib/gcc/aarch64-linux-gnu/7.5.0/../../../../aarch64-linux-gnu/include] ==> [/home/swarm/mipt_atp_tech_all/tech3/MIPT_ATP/tools/toolchain/aarch64-linux-gnu/include]
  collapse include dir [/home/swarm/mipt_atp_tech_all/tech3/MIPT_ATP/tools/toolchain/bin/../aarch64-linux-gnu/libc/usr/include] ==> [/home/swarm/mipt_atp_tech_all/tech3/MIPT_ATP/tools/toolchain/aarch64-linux-gnu/libc/usr/include]
  implicit include dirs: [/home/swarm/mipt_atp_tech_all/tech3/MIPT_ATP/tools/toolchain/aarch64-linux-gnu/include/c++/7.5.0;/home/swarm/mipt_atp_tech_all/tech3/MIPT_ATP/tools/toolchain/aarch64-linux-gnu/include/c++/7.5.0/aarch64-linux-gnu;/home/swarm/mipt_atp_tech_all/tech3/MIPT_ATP/tools/toolchain/aarch64-linux-gnu/include/c++/7.5.0/backward;/home/swarm/mipt_atp_tech_all/tech3/MIPT_ATP/tools/toolchain/lib/gcc/aarch64-linux-gnu/7.5.0/include;/home/swarm/mipt_atp_tech_all/tech3/MIPT_ATP/tools/toolchain/lib/gcc/aarch64-linux-gnu/7.5.0/include-fixed;/home/swarm/mipt_atp_tech_all/tech3/MIPT_ATP/tools/toolchain/aarch64-linux-gnu/include;/home/swarm/mipt_atp_tech_all/tech3/MIPT_ATP/tools/toolchain/aarch64-linux-gnu/libc/usr/include]


Parsed CXX implicit link information from above output:
  link line regex: [^( *|.*[/\])(ld|CMAKE_LINK_STARTFILE-NOTFOUND|([^/\]+-)?ld|collect2)[^/\]*( |$)]
  ignore line: [Change Dir: /home/swarm/mipt_atp_tech_all/tech3/MIPT_ATP/build/CMakeFiles/CMakeTmp]
  ignore line: []
  ignore line: [Run Build Command(s):/usr/bin/make cmTC_293f8/fast && /usr/bin/make -f CMakeFiles/cmTC_293f8.dir/build.make CMakeFiles/cmTC_293f8.dir/build]
  ignore line: [make[1]: Entering directory '/home/swarm/mipt_atp_tech_all/tech3/MIPT_ATP/build/CMakeFiles/CMakeTmp']
  ignore line: [Building CXX object CMakeFiles/cmTC_293f8.dir/CMakeCXXCompilerABI.cpp.o]
  ignore line: [/home/swarm/mipt_atp_tech_all/tech3/MIPT_ATP/tools/toolchain/bin//aarch64-linux-gnu-c++    -v -o CMakeFiles/cmTC_293f8.dir/CMakeCXXCompilerABI.cpp.o -c /usr/share/cmake-3.16/Modules/CMakeCXXCompilerABI.cpp]
  ignore line: [Using built-in specs.]
  ignore line: [COLLECT_GCC=/home/swarm/mipt_atp_tech_all/tech3/MIPT_ATP/tools/toolchain/bin//aarch64-linux-gnu-c++]
  ignore line: [Target: aarch64-linux-gnu]
  ignore line: [Configured with: '/home/tcwg-buildslave/workspace/tcwg-make-release_0/snapshots/gcc.git~linaro-7.5-2019.12/configure' SHELL=/bin/bash --with-mpc=/home/tcwg-buildslave/workspace/tcwg-make-release_0/_build/builds/destdir/x86_64-unknown-linux-gnu --with-mpfr=/home/tcwg-buildslave/workspace/tcwg-make-release_0/_build/builds/destdir/x86_64-unknown-linux-gnu --with-gmp=/home/tcwg-buildslave/workspace/tcwg-make-release_0/_build/builds/destdir/x86_64-unknown-linux-gnu --with-gnu-as --with-gnu-ld --disable-libmudflap --enable-lto --enable-shared --without-included-gettext --enable-nls --with-system-zlib --disable-sjlj-exceptions --enable-gnu-unique-object --enable-linker-build-id --disable-libstdcxx-pch --enable-c99 --enable-clocale=gnu --enable-libstdcxx-debug --enable-long-long --with-cloog=no --with-ppl=no --with-isl=no --disable-multilib --enable-fix-cortex-a53-835769 --enable-fix-cortex-a53-843419 --with-arch=armv8-a --enable-threads=posix --enable-multiarch --enable-libstdcxx-time=yes --enable-gnu-indirect-function --with-build-sysroot=/home/tcwg-buildslave/workspace/tcwg-make-release_0/_build/sysroots/aarch64-linux-gnu --with-sysroot=/home/tcwg-buildslave/workspace/tcwg-make-release_0/_build/builds/destdir/x86_64-unknown-linux-gnu/aarch64-linux-gnu/libc --enable-checking=release --disable-bootstrap --enable-languages=c,c++,fortran,lto --build=x86_64-unknown-linux-gnu --host=x86_64-unknown-linux-gnu --target=aarch64-linux-gnu --prefix=/home/tcwg-buildslave/workspace/tcwg-make-release_0/_build/builds/destdir/x86_64-unknown-linux-gnu]
  ignore line: [Thread model: posix]
  ignore line: [gcc version 7.5.0 (Linaro GCC 7.5-2019.12) ]
  ignore line: [COLLECT_GCC_OPTIONS='-v' '-o' 'CMakeFiles/cmTC_293f8.dir/CMakeCXXCompilerABI.cpp.o' '-c' '-shared-libgcc' '-march=armv8-a' '-mlittle-endian' '-mabi=lp64']
  ignore line: [ /home/swarm/mipt_atp_tech_all/tech3/MIPT_ATP/tools/toolchain/bin/../libexec/gcc/aarch64-linux-gnu/7.5.0/cc1plus -quiet -v -imultiarch aarch64-linux-gnu -iprefix /home/swarm/mipt_atp_tech_all/tech3/MIPT_ATP/tools/toolchain/bin/../lib/gcc/aarch64-linux-gnu/7.5.0/ -isysroot /home/swarm/mipt_atp_tech_all/tech3/MIPT_ATP/tools/toolchain/bin/../aarch64-linux-gnu/libc -D_GNU_SOURCE /usr/share/cmake-3.16/Modules/CMakeCXXCompilerABI.cpp -quiet -dumpbase CMakeCXXCompilerABI.cpp -march=armv8-a -mlittle-endian -mabi=lp64 -auxbase-strip CMakeFiles/cmTC_293f8.dir/CMakeCXXCompilerABI.cpp.o -version -o /tmp/ccygIcrP.s]
  ignore line: [GNU C++14 (Linaro GCC 7.5-2019.12) version 7.5.0 (aarch64-linux-gnu)]
  ignore line: [	compiled by GNU C version 4.8.4  GMP version 6.1.2  MPFR version 3.1.5  MPC version 1.0.3  isl version none]
  ignore line: [GGC heuristics: --param ggc-min-expand=100 --param ggc-min-heapsize=131072]
  ignore line: [ignoring duplicate directory "/home/swarm/mipt_atp_tech_all/tech3/MIPT_ATP/tools/toolchain/bin/../lib/gcc/../../lib/gcc/aarch64-linux-gnu/7.5.0/../../../../aarch64-linux-gnu/include/c++/7.5.0"]
  ignore line: [ignoring duplicate directory "/home/swarm/mipt_atp_tech_all/tech3/MIPT_ATP/tools/toolchain/bin/../lib/gcc/../../lib/gcc/aarch64-linux-gnu/7.5.0/../../../../aarch64-linux-gnu/include/c++/7.5.0/aarch64-linux-gnu"]
  ignore line: [ignoring duplicate directory "/home/swarm/mipt_atp_tech_all/tech3/MIPT_ATP/tools/toolchain/bin/../lib/gcc/../../lib/gcc/aarch64-linux-gnu/7.5.0/../../../../aarch64-linux-gnu/include/c++/7.5.0/backward"]
  ignore line: [ignoring duplicate directory "/home/swarm/mipt_atp_tech_all/tech3/MIPT_ATP/tools/toolchain/bin/../lib/gcc/../../lib/gcc/aarch64-linux-gnu/7.5.0/include"]
  ignore line: [ignoring nonexistent directory "/home/swarm/mipt_atp_tech_all/tech3/MIPT_ATP/tools/toolchain/bin/../aarch64-linux-gnu/libc/usr/local/include/aarch64-linux-gnu"]
  ignore line: [ignoring nonexistent directory "/home/swarm/mipt_atp_tech_all/tech3/MIPT_ATP/tools/toolchain/bin/../aarch64-linux-gnu/libc/usr/local/include"]
  ignore line: [ignoring duplicate directory "/home/swarm/mipt_atp_tech_all/tech3/MIPT_ATP/tools/toolchain/bin/../lib/gcc/../../lib/gcc/aarch64-linux-gnu/7.5.0/include-fixed"]
  ignore line: [ignoring duplicate directory "/home/swarm/mipt_atp_tech_all/tech3/MIPT_ATP/tools/toolchain/bin/../lib/gcc/../../lib/gcc/aarch64-linux-gnu/7.5.0/../../../../aarch64-linux-gnu/include"]
  ignore line: [ignoring nonexistent directory "/home/swarm/mipt_atp_tech_all/tech3/MIPT_ATP/tools/toolchain/bin/../aarch64-linux-gnu/libc/usr/include/aarch64-linux-gnu"]
  ignore line: [#include "..." search starts here:]
  ignore line: [#include <...> search starts here:]
  ignore line: [ /home/swarm/mipt_atp_tech_all/tech3/MIPT_ATP/tools/toolchain/bin/../lib/gcc/aarch64-linux-gnu/7.5.0/../../../../aarch64-linux-gnu/include/c++/7.5.0]
  ignore line: [ /home/swarm/mipt_atp_tech_all/tech3/MIPT_ATP/tools/toolchain/bin/../lib/gcc/aarch64-linux-gnu/7.5.0/../../../../aarch64-linux-gnu/include/c++/7.5.0/aarch64-linux-gnu]
  ignore line: [ /home/swarm/mipt_atp_tech_all/tech3/MIPT_ATP/tools/toolchain/bin/../lib/gcc/aarch64-linux-gnu/7.5.0/../../../../aarch64-linux-gnu/include/c++/7.5.0/backward]
  ignore line: [ /home/swarm/mipt_atp_tech_all/tech3/MIPT_ATP/tools/toolchain/bin/../lib/gcc/aarch64-linux-gnu/7.5.0/include]
  ignore line: [ /home/swarm/mipt_atp_tech_all/tech3/MIPT_ATP/tools/toolchain/bin/../lib/gcc/aarch64-linux-gnu/7.5.0/include-fixed]
  ignore line: [ /home/swarm/mipt_atp_tech_all/tech3/MIPT_ATP/tools/toolchain/bin/../lib/gcc/aarch64-linux-gnu/7.5.0/../../../../aarch64-linux-gnu/include]
  ignore line: [ /home/swarm/mipt_atp_tech_all/tech3/MIPT_ATP/tools/toolchain/bin/../aarch64-linux-gnu/libc/usr/include]
  ignore line: [End of search list.]
  ignore line: [GNU C++14 (Linaro GCC 7.5-2019.12) version 7.5.0 (aarch64-linux-gnu)]
  ignore line: [	compiled by GNU C version 4.8.4  GMP version 6.1.2  MPFR version 3.1.5  MPC version 1.0.3  isl version none]
  ignore line: [GGC heuristics: --param ggc-min-expand=100 --param ggc-min-heapsize=131072]
  ignore line: [Compiler executable checksum: 966bcc360f46d7d0bf38230662fdbbf8]
  ignore line: [COLLECT_GCC_OPTIONS='-v' '-o' 'CMakeFiles/cmTC_293f8.dir/CMakeCXXCompilerABI.cpp.o' '-c' '-shared-libgcc' '-march=armv8-a' '-mlittle-endian' '-mabi=lp64']
  ignore line: [ /home/swarm/mipt_atp_tech_all/tech3/MIPT_ATP/tools/toolchain/bin/../lib/gcc/aarch64-linux-gnu/7.5.0/../../../../aarch64-linux-gnu/bin/as -v -EL -march=armv8-a -mabi=lp64 -o CMakeFiles/cmTC_293f8.dir/CMakeCXXCompilerABI.cpp.o /tmp/ccygIcrP.s]
  ignore line: [GNU assembler version 2.28.2 (aarch64-linux-gnu) using BFD version (Linaro_Binutils-2019.12) 2.28.2.20170706]
  ignore line: [COMPILER_PATH=/home/swarm/mipt_atp_tech_all/tech3/MIPT_ATP/tools/toolchain/bin/../libexec/gcc/aarch64-linux-gnu/7.5.0/:/home/swarm/mipt_atp_tech_all/tech3/MIPT_ATP/tools/toolchain/bin/../libexec/gcc/aarch64-linux-gnu/:/home/swarm/mipt_atp_tech_all/tech3/MIPT_ATP/tools/toolchain/bin/../libexec/gcc/:/home/swarm/mipt_atp_tech_all/tech3/MIPT_ATP/tools/toolchain/bin/../lib/gcc/aarch64-linux-gnu/7.5.0/../../../../aarch64-linux-gnu/bin/]
  ignore line: [LIBRARY_PATH=/home/swarm/mipt_atp_tech_all/tech3/MIPT_ATP/tools/toolchain/bin/../lib/gcc/aarch64-linux-gnu/7.5.0/:/home/swarm/mipt_atp_tech_all/tech3/MIPT_ATP/tools/toolchain/bin/../lib/gcc/aarch64-linux-gnu/:/home/swarm/mipt_atp_tech_all/tech3/MIPT_ATP/tools/toolchain/bin/../lib/gcc/:/home/swarm/mipt_atp_tech_all/tech3/MIPT_ATP/tools/toolchain/bin/../lib/gcc/aarch64-linux-gnu/7.5.0/../../../../aarch64-linux-gnu/lib/../lib64/:/home/swarm/mipt_atp_tech_all/tech3/MIPT_ATP/tools/toolchain/bin/../lib/gcc/aarch64-linux-gnu/7.5.0/../../../../aarch64-linux-gnu/lib/:/home/swarm/mipt_atp_tech_all/tech3/MIPT_ATP/tools/toolchain/bin/../aarch64-linux-gnu/libc/lib/:/home/swarm/mipt_atp_tech_all/tech3/MIPT_ATP/tools/toolchain/bin/../aarch64-linux-gnu/libc/usr/lib/]
  ignore line: [COLLECT_GCC_OPTIONS='-v' '-o' 'CMakeFiles/cmTC_293f8.dir/CMakeCXXCompilerABI.cpp.o' '-c' '-shared-libgcc' '-march=armv8-a' '-mlittle-endian' '-mabi=lp64']
  ignore line: [Linking CXX static library libcmTC_293f8.a]
  ignore line: [/usr/bin/cmake -P CMakeFiles/cmTC_293f8.dir/cmake_clean_target.cmake]
  ignore line: [/usr/bin/cmake -E cmake_link_script CMakeFiles/cmTC_293f8.dir/link.txt --verbose=1]
  ignore line: [/usr/bin/ar qc libcmTC_293f8.a  CMakeFiles/cmTC_293f8.dir/CMakeCXXCompilerABI.cpp.o]
  ignore line: [/usr/bin/ranlib libcmTC_293f8.a]
  ignore line: [make[1]: Leaving directory '/home/swarm/mipt_atp_tech_all/tech3/MIPT_ATP/build/CMakeFiles/CMakeTmp']
  ignore line: []
  ignore line: []
  implicit libs: []
  implicit dirs: []
  implicit fwks: []


